10:09:58.313 [restartedMain] INFO  org.springframework.boot.StartupInfoLogger.logStarting(StartupInfoLogger.java:55) - Starting EasyexcelApplication using Java 1.8.0_261 on LAPTOP-JKCJIRCF with PID 9948 (D:\WorkSoftware\workplace\easyexcel\target\classes started by fuwenrui in D:\WorkSoftware\workplace\easyexcel)
10:09:58.330 [restartedMain] INFO  org.springframework.boot.SpringApplication.logStartupProfileInfo(SpringApplication.java:660) - No active profile set, falling back to default profiles: default
10:10:01.123 [restartedMain] INFO  org.apache.juli.logging.DirectJDKLog.log(DirectJDKLog.java:173) - Initializing ProtocolHandler ["http-nio-8080"]
10:10:01.124 [restartedMain] INFO  org.apache.juli.logging.DirectJDKLog.log(DirectJDKLog.java:173) - Starting service [Tomcat]
10:10:01.124 [restartedMain] INFO  org.apache.juli.logging.DirectJDKLog.log(DirectJDKLog.java:173) - Starting Servlet engine: [Apache Tomcat/9.0.39]
10:10:01.220 [restartedMain] INFO  org.apache.juli.logging.DirectJDKLog.log(DirectJDKLog.java:173) - Initializing Spring embedded WebApplicationContext
10:10:01.418 [restartedMain] INFO  com.alibaba.druid.spring.boot.autoconfigure.DruidDataSourceAutoConfigure.dataSource(DruidDataSourceAutoConfigure.java:56) - Init DruidDataSource
10:10:02.083 [restartedMain] INFO  com.alibaba.druid.pool.DruidDataSource.init(DruidDataSource.java:1003) - {dataSource-1} inited
10:10:02.774 [restartedMain] INFO  springfox.documentation.spring.web.WebMvcPropertySourcedRequestMappingHandlerMapping.initHandlerMethods(WebMvcPropertySourcedRequestMappingHandlerMapping.java:69) - Mapped URL path [/v2/api-docs] onto method [springfox.documentation.swagger2.web.Swagger2ControllerWebMvc#getDocumentation(String, HttpServletRequest)]
10:10:03.190 [restartedMain] INFO  org.apache.juli.logging.DirectJDKLog.log(DirectJDKLog.java:173) - Starting ProtocolHandler ["http-nio-8080"]
10:10:03.219 [restartedMain] INFO  springfox.documentation.spring.web.plugins.DocumentationPluginsBootstrapper.start(DocumentationPluginsBootstrapper.java:93) - Documentation plugins bootstrapped
10:10:03.224 [restartedMain] INFO  springfox.documentation.spring.web.plugins.AbstractDocumentationPluginsBootstrapper.bootstrapDocumentationPlugins(AbstractDocumentationPluginsBootstrapper.java:79) - Found 1 custom documentation plugin(s)
10:10:03.286 [restartedMain] INFO  springfox.documentation.spring.web.scanners.ApiListingReferenceScanner.scan(ApiListingReferenceScanner.java:44) - Scanning for api listing references
10:10:03.314 [restartedMain] INFO  org.springframework.boot.StartupInfoLogger.logStarted(StartupInfoLogger.java:61) - Started EasyexcelApplication in 5.668 seconds (JVM running for 7.803)
10:10:23.709 [SpringContextShutdownHook] INFO  com.alibaba.druid.pool.DruidDataSource.close(DruidDataSource.java:1948) - {dataSource-1} closing ...
10:10:23.769 [SpringContextShutdownHook] INFO  com.alibaba.druid.pool.DruidDataSource.close(DruidDataSource.java:2020) - {dataSource-1} closed
10:10:31.594 [restartedMain] INFO  org.springframework.boot.StartupInfoLogger.logStarting(StartupInfoLogger.java:55) - Starting EasyexcelApplication using Java 1.8.0_261 on LAPTOP-JKCJIRCF with PID 13496 (D:\WorkSoftware\workplace\easyexcel\target\classes started by fuwenrui in D:\WorkSoftware\workplace\easyexcel)
10:10:31.603 [restartedMain] INFO  org.springframework.boot.SpringApplication.logStartupProfileInfo(SpringApplication.java:660) - No active profile set, falling back to default profiles: default
10:10:33.080 [restartedMain] INFO  org.apache.juli.logging.DirectJDKLog.log(DirectJDKLog.java:173) - Initializing ProtocolHandler ["http-nio-8080"]
10:10:33.081 [restartedMain] INFO  org.apache.juli.logging.DirectJDKLog.log(DirectJDKLog.java:173) - Starting service [Tomcat]
10:10:33.081 [restartedMain] INFO  org.apache.juli.logging.DirectJDKLog.log(DirectJDKLog.java:173) - Starting Servlet engine: [Apache Tomcat/9.0.39]
10:10:33.175 [restartedMain] INFO  org.apache.juli.logging.DirectJDKLog.log(DirectJDKLog.java:173) - Initializing Spring embedded WebApplicationContext
10:10:33.393 [restartedMain] INFO  com.alibaba.druid.spring.boot.autoconfigure.DruidDataSourceAutoConfigure.dataSource(DruidDataSourceAutoConfigure.java:56) - Init DruidDataSource
10:10:33.814 [restartedMain] INFO  com.alibaba.druid.pool.DruidDataSource.init(DruidDataSource.java:1003) - {dataSource-1} inited
10:10:34.272 [restartedMain] INFO  springfox.documentation.spring.web.WebMvcPropertySourcedRequestMappingHandlerMapping.initHandlerMethods(WebMvcPropertySourcedRequestMappingHandlerMapping.java:69) - Mapped URL path [/v2/api-docs] onto method [springfox.documentation.swagger2.web.Swagger2ControllerWebMvc#getDocumentation(String, HttpServletRequest)]
10:10:34.568 [restartedMain] INFO  org.apache.juli.logging.DirectJDKLog.log(DirectJDKLog.java:173) - Starting ProtocolHandler ["http-nio-8080"]
10:10:34.595 [restartedMain] INFO  springfox.documentation.spring.web.plugins.DocumentationPluginsBootstrapper.start(DocumentationPluginsBootstrapper.java:93) - Documentation plugins bootstrapped
10:10:34.602 [restartedMain] INFO  springfox.documentation.spring.web.plugins.AbstractDocumentationPluginsBootstrapper.bootstrapDocumentationPlugins(AbstractDocumentationPluginsBootstrapper.java:79) - Found 1 custom documentation plugin(s)
10:10:34.644 [restartedMain] INFO  springfox.documentation.spring.web.scanners.ApiListingReferenceScanner.scan(ApiListingReferenceScanner.java:44) - Scanning for api listing references
10:10:34.748 [restartedMain] INFO  org.springframework.boot.StartupInfoLogger.logStarted(StartupInfoLogger.java:61) - Started EasyexcelApplication in 3.848 seconds (JVM running for 5.274)
10:12:13.520 [SpringContextShutdownHook] INFO  com.alibaba.druid.pool.DruidDataSource.close(DruidDataSource.java:1948) - {dataSource-1} closing ...
10:12:13.537 [SpringContextShutdownHook] INFO  com.alibaba.druid.pool.DruidDataSource.close(DruidDataSource.java:2020) - {dataSource-1} closed
10:12:21.053 [restartedMain] INFO  org.springframework.boot.StartupInfoLogger.logStarting(StartupInfoLogger.java:55) - Starting EasyexcelApplication using Java 1.8.0_261 on LAPTOP-JKCJIRCF with PID 9584 (D:\WorkSoftware\workplace\easyexcel\target\classes started by fuwenrui in D:\WorkSoftware\workplace\easyexcel)
10:12:21.063 [restartedMain] INFO  org.springframework.boot.SpringApplication.logStartupProfileInfo(SpringApplication.java:660) - No active profile set, falling back to default profiles: default
10:12:22.465 [restartedMain] INFO  org.apache.juli.logging.DirectJDKLog.log(DirectJDKLog.java:173) - Initializing ProtocolHandler ["http-nio-8080"]
10:12:22.465 [restartedMain] INFO  org.apache.juli.logging.DirectJDKLog.log(DirectJDKLog.java:173) - Starting service [Tomcat]
10:12:22.466 [restartedMain] INFO  org.apache.juli.logging.DirectJDKLog.log(DirectJDKLog.java:173) - Starting Servlet engine: [Apache Tomcat/9.0.39]
10:12:22.605 [restartedMain] INFO  org.apache.juli.logging.DirectJDKLog.log(DirectJDKLog.java:173) - Initializing Spring embedded WebApplicationContext
10:12:22.851 [restartedMain] INFO  com.alibaba.druid.spring.boot.autoconfigure.DruidDataSourceAutoConfigure.dataSource(DruidDataSourceAutoConfigure.java:56) - Init DruidDataSource
10:12:23.432 [restartedMain] INFO  com.alibaba.druid.pool.DruidDataSource.init(DruidDataSource.java:1003) - {dataSource-1} inited
10:12:24.251 [restartedMain] INFO  springfox.documentation.spring.web.WebMvcPropertySourcedRequestMappingHandlerMapping.initHandlerMethods(WebMvcPropertySourcedRequestMappingHandlerMapping.java:69) - Mapped URL path [/v2/api-docs] onto method [springfox.documentation.swagger2.web.Swagger2ControllerWebMvc#getDocumentation(String, HttpServletRequest)]
10:12:24.778 [restartedMain] INFO  org.apache.juli.logging.DirectJDKLog.log(DirectJDKLog.java:173) - Starting ProtocolHandler ["http-nio-8080"]
10:12:24.821 [restartedMain] INFO  springfox.documentation.spring.web.plugins.DocumentationPluginsBootstrapper.start(DocumentationPluginsBootstrapper.java:93) - Documentation plugins bootstrapped
10:12:24.831 [restartedMain] INFO  springfox.documentation.spring.web.plugins.AbstractDocumentationPluginsBootstrapper.bootstrapDocumentationPlugins(AbstractDocumentationPluginsBootstrapper.java:79) - Found 1 custom documentation plugin(s)
10:12:24.888 [restartedMain] INFO  springfox.documentation.spring.web.scanners.ApiListingReferenceScanner.scan(ApiListingReferenceScanner.java:44) - Scanning for api listing references
10:12:25.052 [restartedMain] INFO  org.springframework.boot.StartupInfoLogger.logStarted(StartupInfoLogger.java:61) - Started EasyexcelApplication in 4.599 seconds (JVM running for 6.192)
10:12:50.842 [http-nio-8080-exec-2] INFO  org.apache.juli.logging.DirectJDKLog.log(DirectJDKLog.java:173) - Initializing Spring DispatcherServlet 'dispatcherServlet'
